D:\projects\GithubProjects\AngularAndAsp.Net\Angular2Demo\src\app\app.component.js
D:\projects\GithubProjects\AngularAndAsp.Net\Angular2Demo\src\app\app.component.js.map
D:\projects\GithubProjects\AngularAndAsp.Net\Angular2Demo\src\app\employee\employee.component.js
D:\projects\GithubProjects\AngularAndAsp.Net\Angular2Demo\src\app\employee\employee.component.js.map
D:\projects\GithubProjects\AngularAndAsp.Net\Angular2Demo\src\app\empstyle\empstyle.component.js
D:\projects\GithubProjects\AngularAndAsp.Net\Angular2Demo\src\app\empstyle\empstyle.component.js.map
D:\projects\GithubProjects\AngularAndAsp.Net\Angular2Demo\src\app\binding\binding.component.js
D:\projects\GithubProjects\AngularAndAsp.Net\Angular2Demo\src\app\binding\binding.component.js.map
D:\projects\GithubProjects\AngularAndAsp.Net\Angular2Demo\src\app\employeeList\employee.js
D:\projects\GithubProjects\AngularAndAsp.Net\Angular2Demo\src\app\employeeList\employee.js.map
D:\projects\GithubProjects\AngularAndAsp.Net\Angular2Demo\src\app\employeeList\employeeList.component.js
D:\projects\GithubProjects\AngularAndAsp.Net\Angular2Demo\src\app\employeeList\employeeList.component.js.map
D:\projects\GithubProjects\AngularAndAsp.Net\Angular2Demo\src\app\employeeList\employeeTitle.pipe.js
D:\projects\GithubProjects\AngularAndAsp.Net\Angular2Demo\src\app\employeeList\employeeTitle.pipe.js.map
D:\projects\GithubProjects\AngularAndAsp.Net\Angular2Demo\src\app\employeeList\employeeCount.component.js
D:\projects\GithubProjects\AngularAndAsp.Net\Angular2Demo\src\app\employeeList\employeeCount.component.js.map
D:\projects\GithubProjects\AngularAndAsp.Net\Angular2Demo\src\app\lifecycle\lifecycleparrent.component.js
D:\projects\GithubProjects\AngularAndAsp.Net\Angular2Demo\src\app\lifecycle\lifecycleparrent.component.js.map
D:\projects\GithubProjects\AngularAndAsp.Net\Angular2Demo\src\app\lifecycle\lifecycle.component.js
D:\projects\GithubProjects\AngularAndAsp.Net\Angular2Demo\src\app\lifecycle\lifecycle.component.js.map
D:\projects\GithubProjects\AngularAndAsp.Net\Angular2Demo\src\app\app.module.js
D:\projects\GithubProjects\AngularAndAsp.Net\Angular2Demo\src\app\app.module.js.map
D:\projects\GithubProjects\AngularAndAsp.Net\Angular2Demo\src\main.js
D:\projects\GithubProjects\AngularAndAsp.Net\Angular2Demo\src\main.js.map
D:\projects\GithubProjects\AngularAndAsp.Net\Angular2Demo\src\app\app.component.spec.js
D:\projects\GithubProjects\AngularAndAsp.Net\Angular2Demo\src\app\app.component.spec.js.map
